<?xml version="1.0" encoding="UTF-8"?>
<testng-results ignored="0" total="5" passed="5" failed="0" skipped="0">
  <reporter-output>
  </reporter-output>
  <suite started-at="2023-09-01T16:17:40 IST" name="Suite" finished-at="2023-09-01T16:17:47 IST" duration-ms="7208">
    <groups>
    </groups>
    <test started-at="2023-09-01T16:17:40 IST" name="Test" finished-at="2023-09-01T16:17:47 IST" duration-ms="7208">
      <class name="SeleniumPOM.capstone.testcases.NewTest">
        <test-method is-config="true" signature="beforeSuite()[pri:0, instance:SeleniumPOM.capstone.testcases.NewTest@44c03695]" started-at="2023-09-01T16:17:36 IST" name="beforeSuite" finished-at="2023-09-01T16:17:40 IST" duration-ms="3912" status="PASS">
          <reporter-output>
          </reporter-output>
        </test-method> <!-- beforeSuite -->
        <test-method is-config="true" signature="beforeTest()[pri:0, instance:SeleniumPOM.capstone.testcases.NewTest@44c03695]" started-at="2023-09-01T16:17:40 IST" name="beforeTest" finished-at="2023-09-01T16:17:40 IST" duration-ms="341" status="PASS">
          <reporter-output>
          </reporter-output>
        </test-method> <!-- beforeTest -->
        <test-method is-config="true" signature="beforeMethod()[pri:0, instance:SeleniumPOM.capstone.testcases.NewTest@44c03695]" started-at="2023-09-01T16:17:41 IST" name="beforeMethod" finished-at="2023-09-01T16:17:41 IST" duration-ms="9" status="PASS">
          <reporter-output>
          </reporter-output>
        </test-method> <!-- beforeMethod -->
        <test-method signature="searchProduct(java.lang.String,java.lang.String,java.lang.String)[pri:0, instance:SeleniumPOM.capstone.testcases.NewTest@44c03695]" started-at="2023-09-01T16:17:41 IST" name="searchProduct" data-provider="dp" finished-at="2023-09-01T16:17:42 IST" duration-ms="1061" status="PASS">
          <params>
            <param index="0">
              <value>
                <![CDATA[Hello]]>
              </value>
            </param>
            <param index="1">
              <value>
                <![CDATA[Hello]]>
              </value>
            </param>
            <param index="2">
              <value>
                <![CDATA[TRUE]]>
              </value>
            </param>
          </params>
          <reporter-output>
          </reporter-output>
        </test-method> <!-- searchProduct -->
        <test-method is-config="true" signature="tearDown(org.testng.ITestResult)[pri:0, instance:SeleniumPOM.capstone.testcases.NewTest@44c03695]" started-at="2023-09-01T16:17:42 IST" name="tearDown" finished-at="2023-09-01T16:17:42 IST" duration-ms="19" status="PASS">
          <params>
            <param index="0">
              <value>
                <![CDATA[[TestResult name=searchProduct status=SUCCESS method=NewTest.searchProduct(java.lang.String,java.lang.String,java.lang.String)[pri:0, instance:SeleniumPOM.capstone.testcases.NewTest@44c03695] output={null}]]]>
              </value>
            </param>
          </params>
          <reporter-output>
          </reporter-output>
        </test-method> <!-- tearDown -->
        <test-method is-config="true" signature="beforeMethod()[pri:0, instance:SeleniumPOM.capstone.testcases.NewTest@44c03695]" started-at="2023-09-01T16:17:42 IST" name="beforeMethod" finished-at="2023-09-01T16:17:42 IST" duration-ms="5" status="PASS">
          <reporter-output>
          </reporter-output>
        </test-method> <!-- beforeMethod -->
        <test-method signature="addToCart(java.lang.String,java.lang.String,java.lang.String)[pri:1, instance:SeleniumPOM.capstone.testcases.NewTest@44c03695]" started-at="2023-09-01T16:17:42 IST" name="addToCart" data-provider="dp1" finished-at="2023-09-01T16:17:43 IST" duration-ms="1038" status="PASS">
          <params>
            <param index="0">
              <value>
                <![CDATA[Hello]]>
              </value>
            </param>
            <param index="1">
              <value>
                <![CDATA[Hello]]>
              </value>
            </param>
            <param index="2">
              <value>
                <![CDATA[TRUE]]>
              </value>
            </param>
          </params>
          <reporter-output>
          </reporter-output>
        </test-method> <!-- addToCart -->
        <test-method is-config="true" signature="tearDown(org.testng.ITestResult)[pri:0, instance:SeleniumPOM.capstone.testcases.NewTest@44c03695]" started-at="2023-09-01T16:17:43 IST" name="tearDown" finished-at="2023-09-01T16:17:43 IST" duration-ms="1" status="PASS">
          <params>
            <param index="0">
              <value>
                <![CDATA[[TestResult name=addToCart status=SUCCESS method=NewTest.addToCart(java.lang.String,java.lang.String,java.lang.String)[pri:1, instance:SeleniumPOM.capstone.testcases.NewTest@44c03695] output={null}]]]>
              </value>
            </param>
          </params>
          <reporter-output>
          </reporter-output>
        </test-method> <!-- tearDown -->
        <test-method is-config="true" signature="beforeMethod()[pri:0, instance:SeleniumPOM.capstone.testcases.NewTest@44c03695]" started-at="2023-09-01T16:17:43 IST" name="beforeMethod" finished-at="2023-09-01T16:17:43 IST" duration-ms="8" status="PASS">
          <reporter-output>
          </reporter-output>
        </test-method> <!-- beforeMethod -->
        <test-method signature="filterAndVerify(java.lang.String,java.lang.String,java.lang.String)[pri:2, instance:SeleniumPOM.capstone.testcases.NewTest@44c03695]" started-at="2023-09-01T16:17:43 IST" name="filterAndVerify" data-provider="dp2" finished-at="2023-09-01T16:17:44 IST" duration-ms="1048" status="PASS">
          <params>
            <param index="0">
              <value>
                <![CDATA[Hello]]>
              </value>
            </param>
            <param index="1">
              <value>
                <![CDATA[Hello]]>
              </value>
            </param>
            <param index="2">
              <value>
                <![CDATA[TRUE]]>
              </value>
            </param>
          </params>
          <reporter-output>
          </reporter-output>
        </test-method> <!-- filterAndVerify -->
        <test-method is-config="true" signature="tearDown(org.testng.ITestResult)[pri:0, instance:SeleniumPOM.capstone.testcases.NewTest@44c03695]" started-at="2023-09-01T16:17:44 IST" name="tearDown" finished-at="2023-09-01T16:17:44 IST" duration-ms="1" status="PASS">
          <params>
            <param index="0">
              <value>
                <![CDATA[[TestResult name=filterAndVerify status=SUCCESS method=NewTest.filterAndVerify(java.lang.String,java.lang.String,java.lang.String)[pri:2, instance:SeleniumPOM.capstone.testcases.NewTest@44c03695] output={null}]]]>
              </value>
            </param>
          </params>
          <reporter-output>
          </reporter-output>
        </test-method> <!-- tearDown -->
        <test-method is-config="true" signature="beforeMethod()[pri:0, instance:SeleniumPOM.capstone.testcases.NewTest@44c03695]" started-at="2023-09-01T16:17:44 IST" name="beforeMethod" finished-at="2023-09-01T16:17:44 IST" duration-ms="7" status="PASS">
          <reporter-output>
          </reporter-output>
        </test-method> <!-- beforeMethod -->
        <test-method signature="comparePrice(java.lang.String,java.lang.String,java.lang.String)[pri:3, instance:SeleniumPOM.capstone.testcases.NewTest@44c03695]" started-at="2023-09-01T16:17:44 IST" name="comparePrice" data-provider="dp3" finished-at="2023-09-01T16:17:45 IST" duration-ms="1039" status="PASS">
          <params>
            <param index="0">
              <value>
                <![CDATA[Hello]]>
              </value>
            </param>
            <param index="1">
              <value>
                <![CDATA[Hello]]>
              </value>
            </param>
            <param index="2">
              <value>
                <![CDATA[TRUE]]>
              </value>
            </param>
          </params>
          <reporter-output>
          </reporter-output>
        </test-method> <!-- comparePrice -->
        <test-method is-config="true" signature="tearDown(org.testng.ITestResult)[pri:0, instance:SeleniumPOM.capstone.testcases.NewTest@44c03695]" started-at="2023-09-01T16:17:45 IST" name="tearDown" finished-at="2023-09-01T16:17:45 IST" duration-ms="1" status="PASS">
          <params>
            <param index="0">
              <value>
                <![CDATA[[TestResult name=comparePrice status=SUCCESS method=NewTest.comparePrice(java.lang.String,java.lang.String,java.lang.String)[pri:3, instance:SeleniumPOM.capstone.testcases.NewTest@44c03695] output={null}]]]>
              </value>
            </param>
          </params>
          <reporter-output>
          </reporter-output>
        </test-method> <!-- tearDown -->
        <test-method is-config="true" signature="beforeMethod()[pri:0, instance:SeleniumPOM.capstone.testcases.NewTest@44c03695]" started-at="2023-09-01T16:17:45 IST" name="beforeMethod" finished-at="2023-09-01T16:17:45 IST" duration-ms="7" status="PASS">
          <reporter-output>
          </reporter-output>
        </test-method> <!-- beforeMethod -->
        <test-method signature="removeProductFromCart(java.lang.String,java.lang.String,java.lang.String)[pri:4, instance:SeleniumPOM.capstone.testcases.NewTest@44c03695]" started-at="2023-09-01T16:17:45 IST" name="removeProductFromCart" data-provider="dp4" finished-at="2023-09-01T16:17:46 IST" duration-ms="1036" status="PASS">
          <params>
            <param index="0">
              <value>
                <![CDATA[Hello]]>
              </value>
            </param>
            <param index="1">
              <value>
                <![CDATA[Hello]]>
              </value>
            </param>
            <param index="2">
              <value>
                <![CDATA[TRUE]]>
              </value>
            </param>
          </params>
          <reporter-output>
          </reporter-output>
        </test-method> <!-- removeProductFromCart -->
        <test-method is-config="true" signature="tearDown(org.testng.ITestResult)[pri:0, instance:SeleniumPOM.capstone.testcases.NewTest@44c03695]" started-at="2023-09-01T16:17:46 IST" name="tearDown" finished-at="2023-09-01T16:17:46 IST" duration-ms="1" status="PASS">
          <params>
            <param index="0">
              <value>
                <![CDATA[[TestResult name=removeProductFromCart status=SUCCESS method=NewTest.removeProductFromCart(java.lang.String,java.lang.String,java.lang.String)[pri:4, instance:SeleniumPOM.capstone.testcases.NewTest@44c03695] output={null}]]]>
              </value>
            </param>
          </params>
          <reporter-output>
          </reporter-output>
        </test-method> <!-- tearDown -->
        <test-method is-config="true" signature="afterTest()[pri:0, instance:SeleniumPOM.capstone.testcases.NewTest@44c03695]" started-at="2023-09-01T16:17:46 IST" name="afterTest" finished-at="2023-09-01T16:17:47 IST" duration-ms="562" status="PASS">
          <reporter-output>
          </reporter-output>
        </test-method> <!-- afterTest -->
        <test-method is-config="true" signature="afterSuite()[pri:0, instance:SeleniumPOM.capstone.testcases.NewTest@44c03695]" started-at="2023-09-01T16:17:47 IST" name="afterSuite" finished-at="2023-09-01T16:17:47 IST" duration-ms="326" status="PASS">
          <reporter-output>
          </reporter-output>
        </test-method> <!-- afterSuite -->
      </class> <!-- SeleniumPOM.capstone.testcases.NewTest -->
    </test> <!-- Test -->
  </suite> <!-- Suite -->
</testng-results>
