<?xml version="1.0" encoding="UTF-8"?>
<!-- Generated by org.testng.reporters.JUnitXMLReporter -->
<testsuite ignored="0" hostname="DESKTOP-ROILG6T" failures="0" tests="3" name="Test" time="103.486" errors="0" timestamp="2023-08-18T14:34:41 IST">
  <testcase classname="com.testing.asign2.Assign2" name="empadd" time="44.469"/>
  <testcase classname="com.testing.asign2.Assign2" name="f" time="32.328"/>
  <testcase classname="com.testing.asign2.Assign2" name="logout" time="22.005"/>
</testsuite> <!-- Test -->
