<?xml version="1.0" encoding="UTF-8"?>
<testng-results ignored="0" total="1" passed="1" failed="0" skipped="0">
  <reporter-output>
  </reporter-output>
  <suite started-at="2023-08-23T11:10:49 IST" name="Default suite" finished-at="2023-08-23T11:10:49 IST" duration-ms="127">
    <groups>
    </groups>
    <test started-at="2023-08-23T11:10:49 IST" name="Default test" finished-at="2023-08-23T11:10:49 IST" duration-ms="127">
      <class name="com.testing.selenium.data_from_csv.CSVTest">
        <test-method is-config="true" signature="beforeMethod()[pri:0, instance:com.testing.selenium.data_from_csv.CSVTest@618b19ad]" started-at="2023-08-23T11:10:49 IST" name="beforeMethod" finished-at="2023-08-23T11:10:49 IST" duration-ms="13" status="PASS">
          <reporter-output>
          </reporter-output>
        </test-method> <!-- beforeMethod -->
        <test-method signature="f(java.lang.String,java.lang.String)[pri:0, instance:com.testing.selenium.data_from_csv.CSVTest@618b19ad]" started-at="2023-08-23T11:10:49 IST" name="f" data-provider="dp" finished-at="2023-08-23T11:10:49 IST" duration-ms="18" status="PASS">
          <params>
            <param index="0">
              <value>
                <![CDATA[Admin]]>
              </value>
            </param>
            <param index="1">
              <value>
                <![CDATA[Admin123]]>
              </value>
            </param>
          </params>
          <reporter-output>
          </reporter-output>
        </test-method> <!-- f -->
        <test-method is-config="true" signature="afterMethod()[pri:0, instance:com.testing.selenium.data_from_csv.CSVTest@618b19ad]" started-at="2023-08-23T11:10:49 IST" name="afterMethod" finished-at="2023-08-23T11:10:49 IST" duration-ms="1" status="PASS">
          <reporter-output>
          </reporter-output>
        </test-method> <!-- afterMethod -->
      </class> <!-- com.testing.selenium.data_from_csv.CSVTest -->
    </test> <!-- Default test -->
  </suite> <!-- Default suite -->
</testng-results>
