<?xml version="1.0" encoding="UTF-8"?>
<testng-results ignored="0" total="1" passed="1" failed="0" skipped="0">
  <reporter-output>
  </reporter-output>
  <suite started-at="2023-08-10T17:12:32 IST" name="Default suite" finished-at="2023-08-10T17:12:38 IST" duration-ms="5765">
    <groups>
    </groups>
    <test started-at="2023-08-10T17:12:32 IST" name="Default test" finished-at="2023-08-10T17:12:38 IST" duration-ms="5765">
      <class name="com.testing.selenium.FirstTest">
        <test-method signature="mytest()[pri:0, instance:com.testing.selenium.FirstTest@145f66e3]" started-at="2023-08-10T17:12:32 IST" name="mytest" finished-at="2023-08-10T17:12:38 IST" duration-ms="5676" status="PASS">
          <reporter-output>
          </reporter-output>
        </test-method> <!-- mytest -->
      </class> <!-- com.testing.selenium.FirstTest -->
    </test> <!-- Default test -->
  </suite> <!-- Default suite -->
</testng-results>
