<?xml version="1.0" encoding="UTF-8"?>
<!-- Generated by org.testng.reporters.JUnitXMLReporter -->
<testsuite ignored="0" hostname="DESKTOP-ROILG6T" failures="0" tests="3" name="Default test" time="256.116" errors="0" timestamp="2023-08-17T19:05:12 IST">
  <testcase classname="com.testing.asign2.Assign2" name="empadd" time="58.433"/>
  <testcase classname="com.testing.asign2.Assign2" name="f" time="79.278"/>
  <testcase classname="com.testing.asign2.Assign2" name="logout" time="113.882"/>
</testsuite> <!-- Default test -->
