<?xml version="1.0" encoding="UTF-8"?>
<!-- Generated by org.testng.reporters.JUnitXMLReporter -->
<testsuite ignored="0" hostname="DESKTOP-ROILG6T" failures="0" tests="3" name="Default test" time="92.965" errors="0" timestamp="2023-08-18T14:56:24 IST">
  <testcase classname="com.testing.asign2.Assign2" name="empadd" time="44.366"/>
  <testcase classname="com.testing.asign2.Assign2" name="f" time="30.673"/>
  <testcase classname="com.testing.asign2.Assign2" name="logout" time="13.659"/>
</testsuite> <!-- Default test -->
