<?xml version="1.0" encoding="UTF-8"?>
<!-- Generated by org.testng.reporters.JUnitXMLReporter -->
<testsuite ignored="0" hostname="DESKTOP-ROILG6T" failures="0" tests="12" name="TestAug" time="9.667" errors="0" timestamp="2023-08-11T10:05:50 IST">
  <testcase classname="com.testing.RestAssured.PostUserBDD" name="postUser" time="2.709"/>
  <testcase classname="com.testing.RestAssured.GetList_BDD" name="getListBDD" time="1.847"/>
  <testcase classname="com.testing.RestAssured.AllTest" name="delUserTest" time="0.558"/>
  <testcase classname="com.testing.RestAssured.AllTest" name="fTest" time="0.614"/>
  <testcase classname="com.testing.RestAssured.AllTest" name="getListBDDTest" time="0.554"/>
  <testcase classname="com.testing.RestAssured.AllTest" name="getListTest" time="0.213"/>
  <testcase classname="com.testing.RestAssured.AllTest" name="patchupdTest" time="0.57"/>
  <testcase classname="com.testing.RestAssured.AllTest" name="postUserTest" time="0.537"/>
  <testcase classname="com.testing.RestAssured.GetListUser" name="getList" time="0.23"/>
  <testcase classname="com.testing.RestAssured.DeleteUser" name="delUser" time="0.604"/>
  <testcase classname="com.testing.RestAssured.PutUser" name="f" time="0.579"/>
  <testcase classname="com.testing.RestAssured.PatchUpdate" name="patchupd" time="0.507"/>
</testsuite> <!-- TestAug -->
