<?xml version="1.0" encoding="UTF-8"?>
<!-- Generated by org.testng.reporters.JUnitXMLReporter -->
<testsuite ignored="0" hostname="DESKTOP-ROILG6T" failures="0" tests="12" name="TestAug" time="9.314" errors="0" timestamp="2023-08-11T10:02:08 IST">
  <testcase classname="com.testing.RestAssured.PostUserBDD" name="postUser" time="3.086"/>
  <testcase classname="com.testing.RestAssured.GetList_BDD" name="getListBDD" time="1.483"/>
  <testcase classname="com.testing.RestAssured.AllTest" name="delUserTest" time="0.487"/>
  <testcase classname="com.testing.RestAssured.AllTest" name="fTest" time="0.546"/>
  <testcase classname="com.testing.RestAssured.AllTest" name="getListBDDTest" time="0.551"/>
  <testcase classname="com.testing.RestAssured.AllTest" name="getListTest" time="0.21"/>
  <testcase classname="com.testing.RestAssured.AllTest" name="patchupdTest" time="0.509"/>
  <testcase classname="com.testing.RestAssured.AllTest" name="postUserTest" time="0.46"/>
  <testcase classname="com.testing.RestAssured.GetListUser" name="getList" time="0.245"/>
  <testcase classname="com.testing.RestAssured.DeleteUser" name="delUser" time="0.497"/>
  <testcase classname="com.testing.RestAssured.PutUser" name="f" time="0.557"/>
  <testcase classname="com.testing.RestAssured.PatchUpdate" name="patchupd" time="0.518"/>
</testsuite> <!-- TestAug -->
