<?xml version="1.0" encoding="UTF-8"?>
<testng-results ignored="0" total="1" passed="1" failed="0" skipped="0">
  <reporter-output>
  </reporter-output>
  <suite started-at="2023-08-11T16:05:23 IST" name="Suite" finished-at="2023-08-11T16:05:25 IST" duration-ms="1789">
    <groups>
    </groups>
    <test started-at="2023-08-11T16:05:23 IST" name="Test" finished-at="2023-08-11T16:05:25 IST" duration-ms="1789">
      <class name="com.example.demo.SpringAug7ApplicationTests">
        <test-method signature="contextLoads()[pri:0, instance:com.example.demo.SpringAug7ApplicationTests@4da4253]" started-at="2023-08-11T16:05:23 IST" name="contextLoads" finished-at="2023-08-11T16:05:25 IST" duration-ms="1742" status="PASS">
          <reporter-output>
          </reporter-output>
        </test-method> <!-- contextLoads -->
      </class> <!-- com.example.demo.SpringAug7ApplicationTests -->
    </test> <!-- Test -->
  </suite> <!-- Suite -->
</testng-results>
