<?xml version="1.0" encoding="UTF-8"?>
<!-- Generated by org.testng.reporters.JUnitXMLReporter -->
<testsuite ignored="0" hostname="DESKTOP-ROILG6T" failures="0" tests="13" name="Default test" time="157.727" errors="0" timestamp="2023-08-23T15:51:32 IST">
  <testcase classname="SeleniumPOM.Assign.PageObjectModel.FacebookTest" name="forgetTest" time="9.613"/>
  <testcase classname="SeleniumPOM.Assign.PageObjectModel.FacebookTest" name="forgetTest" time="9.299"/>
  <testcase classname="SeleniumPOM.Assign.PageObjectModel.FacebookTest" name="loginTest" time="7.134"/>
  <testcase classname="SeleniumPOM.Assign.PageObjectModel.FacebookTest" name="loginTest" time="7.026"/>
  <testcase classname="SeleniumPOM.Assign.PageObjectModel.FacebookTest" name="verifyRegister" time="13.911"/>
  <testcase classname="SeleniumPOM.Assign.PageObjectModel.FacebookTest" name="verifyRegister" time="13.419"/>
  <testcase classname="SeleniumPOM.Assign.PageObjectModel.FacebookTest" name="verifyRegister" time="13.443"/>
  <testcase classname="SeleniumPOM.Assign.PageObjectModel.FacebookTest" name="verifyRegister" time="13.649"/>
  <testcase classname="SeleniumPOM.Assign.PageObjectModel.FacebookTest" name="verifyRegister" time="13.438"/>
  <testcase classname="SeleniumPOM.Assign.PageObjectModel.FacebookTest" name="verifyRegister" time="13.428"/>
  <testcase classname="SeleniumPOM.Assign.PageObjectModel.FacebookTest" name="verifyRegister" time="13.378"/>
  <testcase classname="SeleniumPOM.Assign.PageObjectModel.FacebookTest" name="verifyRegister" time="13.439"/>
  <testcase classname="SeleniumPOM.Assign.PageObjectModel.FacebookTest" name="verifyRegister" time="13.361"/>
</testsuite> <!-- Default test -->
