<?xml version="1.0" encoding="UTF-8"?>
<!-- Generated by org.testng.reporters.JUnitXMLReporter -->
<testsuite ignored="0" hostname="DESKTOP-ROILG6T" failures="0" tests="5" name="Default test" time="7.039" errors="0" timestamp="2023-09-01T16:15:22 IST">
  <testcase classname="SeleniumPOM.capstone.testcases.NewTest" name="searchProduct" time="1.063"/>
  <testcase classname="SeleniumPOM.capstone.testcases.NewTest" name="addToCart" time="1.028"/>
  <testcase classname="SeleniumPOM.capstone.testcases.NewTest" name="filterAndVerify" time="1.038"/>
  <testcase classname="SeleniumPOM.capstone.testcases.NewTest" name="comparePrice" time="1.042"/>
  <testcase classname="SeleniumPOM.capstone.testcases.NewTest" name="removeProductFromCart" time="1.028"/>
</testsuite> <!-- Default test -->
