<?xml version="1.0" encoding="UTF-8"?>
<testng-results ignored="0" total="13" passed="13" failed="0" skipped="0">
  <reporter-output>
  </reporter-output>
  <suite started-at="2023-08-23T15:48:54 IST" name="Default suite" finished-at="2023-08-23T15:51:32 IST" duration-ms="157727">
    <groups>
    </groups>
    <test started-at="2023-08-23T15:48:54 IST" name="Default test" finished-at="2023-08-23T15:51:32 IST" duration-ms="157727">
      <class name="SeleniumPOM.Assign.PageObjectModel.FacebookTest">
        <test-method is-config="true" signature="beforeSuite()[pri:0, instance:SeleniumPOM.Assign.PageObjectModel.FacebookTest@815b41f]" started-at="2023-08-23T15:48:46 IST" name="beforeSuite" finished-at="2023-08-23T15:48:54 IST" duration-ms="7926" status="PASS">
          <reporter-output>
          </reporter-output>
        </test-method> <!-- beforeSuite -->
        <test-method is-config="true" signature="beforeTest()[pri:0, instance:SeleniumPOM.Assign.PageObjectModel.FacebookTest@815b41f]" started-at="2023-08-23T15:48:54 IST" name="beforeTest" finished-at="2023-08-23T15:48:54 IST" duration-ms="458" status="PASS">
          <reporter-output>
          </reporter-output>
        </test-method> <!-- beforeTest -->
        <test-method is-config="true" signature="beforeMethod()[pri:0, instance:SeleniumPOM.Assign.PageObjectModel.FacebookTest@815b41f]" started-at="2023-08-23T15:48:56 IST" name="beforeMethod" finished-at="2023-08-23T15:48:56 IST" duration-ms="62" status="PASS">
          <reporter-output>
          </reporter-output>
        </test-method> <!-- beforeMethod -->
        <test-method signature="forgetTest(java.lang.String,java.lang.String)[pri:0, instance:SeleniumPOM.Assign.PageObjectModel.FacebookTest@815b41f]" started-at="2023-08-23T15:48:56 IST" name="forgetTest" data-provider="dp2" finished-at="2023-08-23T15:49:06 IST" duration-ms="9613" status="PASS">
          <params>
            <param index="0">
              <value>
                <![CDATA[saurav.gautam@gmail.com]]>
              </value>
            </param>
            <param index="1">
              <value>
                <![CDATA[TRUE]]>
              </value>
            </param>
          </params>
          <reporter-output>
          </reporter-output>
        </test-method> <!-- forgetTest -->
        <test-method is-config="true" signature="tearDown(org.testng.ITestResult)[pri:0, instance:SeleniumPOM.Assign.PageObjectModel.FacebookTest@815b41f]" started-at="2023-08-23T15:49:06 IST" name="tearDown" finished-at="2023-08-23T15:49:06 IST" duration-ms="9" status="PASS">
          <params>
            <param index="0">
              <value>
                <![CDATA[[TestResult name=forgetTest status=SUCCESS method=FacebookTest.forgetTest(java.lang.String,java.lang.String)[pri:0, instance:SeleniumPOM.Assign.PageObjectModel.FacebookTest@815b41f] output={null}]]]>
              </value>
            </param>
          </params>
          <reporter-output>
          </reporter-output>
        </test-method> <!-- tearDown -->
        <test-method is-config="true" signature="beforeMethod()[pri:0, instance:SeleniumPOM.Assign.PageObjectModel.FacebookTest@815b41f]" started-at="2023-08-23T15:49:06 IST" name="beforeMethod" finished-at="2023-08-23T15:49:06 IST" duration-ms="13" status="PASS">
          <reporter-output>
          </reporter-output>
        </test-method> <!-- beforeMethod -->
        <test-method signature="forgetTest(java.lang.String,java.lang.String)[pri:0, instance:SeleniumPOM.Assign.PageObjectModel.FacebookTest@815b41f]" started-at="2023-08-23T15:49:06 IST" name="forgetTest" data-provider="dp2" finished-at="2023-08-23T15:49:15 IST" duration-ms="9299" status="PASS">
          <params>
            <param index="0">
              <value>
                <![CDATA[Terst@Test.com]]>
              </value>
            </param>
            <param index="1">
              <value>
                <![CDATA[FALSE]]>
              </value>
            </param>
          </params>
          <reporter-output>
          </reporter-output>
        </test-method> <!-- forgetTest -->
        <test-method is-config="true" signature="tearDown(org.testng.ITestResult)[pri:0, instance:SeleniumPOM.Assign.PageObjectModel.FacebookTest@815b41f]" started-at="2023-08-23T15:49:15 IST" name="tearDown" finished-at="2023-08-23T15:49:15 IST" duration-ms="1" status="PASS">
          <params>
            <param index="0">
              <value>
                <![CDATA[[TestResult name=forgetTest status=SUCCESS method=FacebookTest.forgetTest(java.lang.String,java.lang.String)[pri:0, instance:SeleniumPOM.Assign.PageObjectModel.FacebookTest@815b41f] output={null}]]]>
              </value>
            </param>
          </params>
          <reporter-output>
          </reporter-output>
        </test-method> <!-- tearDown -->
        <test-method is-config="true" signature="beforeMethod()[pri:0, instance:SeleniumPOM.Assign.PageObjectModel.FacebookTest@815b41f]" started-at="2023-08-23T15:49:15 IST" name="beforeMethod" finished-at="2023-08-23T15:49:15 IST" duration-ms="12" status="PASS">
          <reporter-output>
          </reporter-output>
        </test-method> <!-- beforeMethod -->
        <test-method signature="loginTest(java.lang.String,java.lang.String,java.lang.String)[pri:1, instance:SeleniumPOM.Assign.PageObjectModel.FacebookTest@815b41f]" started-at="2023-08-23T15:49:15 IST" name="loginTest" data-provider="dp1" finished-at="2023-08-23T15:49:22 IST" duration-ms="7134" status="PASS">
          <params>
            <param index="0">
              <value>
                <![CDATA[Test]]>
              </value>
            </param>
            <param index="1">
              <value>
                <![CDATA[Test@123]]>
              </value>
            </param>
            <param index="2">
              <value>
                <![CDATA[FALSE]]>
              </value>
            </param>
          </params>
          <reporter-output>
          </reporter-output>
        </test-method> <!-- loginTest -->
        <test-method is-config="true" signature="tearDown(org.testng.ITestResult)[pri:0, instance:SeleniumPOM.Assign.PageObjectModel.FacebookTest@815b41f]" started-at="2023-08-23T15:49:22 IST" name="tearDown" finished-at="2023-08-23T15:49:22 IST" duration-ms="2" status="PASS">
          <params>
            <param index="0">
              <value>
                <![CDATA[[TestResult name=loginTest status=SUCCESS method=FacebookTest.loginTest(java.lang.String,java.lang.String,java.lang.String)[pri:1, instance:SeleniumPOM.Assign.PageObjectModel.FacebookTest@815b41f] output={null}]]]>
              </value>
            </param>
          </params>
          <reporter-output>
          </reporter-output>
        </test-method> <!-- tearDown -->
        <test-method is-config="true" signature="beforeMethod()[pri:0, instance:SeleniumPOM.Assign.PageObjectModel.FacebookTest@815b41f]" started-at="2023-08-23T15:49:22 IST" name="beforeMethod" finished-at="2023-08-23T15:49:22 IST" duration-ms="7" status="PASS">
          <reporter-output>
          </reporter-output>
        </test-method> <!-- beforeMethod -->
        <test-method signature="loginTest(java.lang.String,java.lang.String,java.lang.String)[pri:1, instance:SeleniumPOM.Assign.PageObjectModel.FacebookTest@815b41f]" started-at="2023-08-23T15:49:22 IST" name="loginTest" data-provider="dp1" finished-at="2023-08-23T15:49:29 IST" duration-ms="7026" status="PASS">
          <params>
            <param index="0">
              <value>
                <![CDATA[Test12]]>
              </value>
            </param>
            <param index="1">
              <value>
                <![CDATA[Test@589]]>
              </value>
            </param>
            <param index="2">
              <value>
                <![CDATA[FALSE]]>
              </value>
            </param>
          </params>
          <reporter-output>
          </reporter-output>
        </test-method> <!-- loginTest -->
        <test-method is-config="true" signature="tearDown(org.testng.ITestResult)[pri:0, instance:SeleniumPOM.Assign.PageObjectModel.FacebookTest@815b41f]" started-at="2023-08-23T15:49:29 IST" name="tearDown" finished-at="2023-08-23T15:49:29 IST" duration-ms="1" status="PASS">
          <params>
            <param index="0">
              <value>
                <![CDATA[[TestResult name=loginTest status=SUCCESS method=FacebookTest.loginTest(java.lang.String,java.lang.String,java.lang.String)[pri:1, instance:SeleniumPOM.Assign.PageObjectModel.FacebookTest@815b41f] output={null}]]]>
              </value>
            </param>
          </params>
          <reporter-output>
          </reporter-output>
        </test-method> <!-- tearDown -->
        <test-method is-config="true" signature="beforeMethod()[pri:0, instance:SeleniumPOM.Assign.PageObjectModel.FacebookTest@815b41f]" started-at="2023-08-23T15:49:29 IST" name="beforeMethod" finished-at="2023-08-23T15:49:29 IST" duration-ms="9" status="PASS">
          <reporter-output>
          </reporter-output>
        </test-method> <!-- beforeMethod -->
        <test-method signature="verifyRegister(java.lang.String,java.lang.String,java.lang.String,java.lang.String,java.lang.String,java.lang.String,java.lang.String,java.lang.String,java.lang.String,java.lang.String)[pri:2, instance:SeleniumPOM.Assign.PageObjectModel.FacebookTest@815b41f]" started-at="2023-08-23T15:49:29 IST" name="verifyRegister" data-provider="dp" finished-at="2023-08-23T15:49:43 IST" duration-ms="13911" status="PASS">
          <params>
            <param index="0">
              <value>
                <![CDATA[Saurav1]]>
              </value>
            </param>
            <param index="1">
              <value>
                <![CDATA[Gautam]]>
              </value>
            </param>
            <param index="2">
              <value>
                <![CDATA[gautam.saurav@gmail.com]]>
              </value>
            </param>
            <param index="3">
              <value>
                <![CDATA[gautam.saurav@gmail.com]]>
              </value>
            </param>
            <param index="4">
              <value>
                <![CDATA[Saurav@123]]>
              </value>
            </param>
            <param index="5">
              <value>
                <![CDATA[1.0]]>
              </value>
            </param>
            <param index="6">
              <value>
                <![CDATA[1.0]]>
              </value>
            </param>
            <param index="7">
              <value>
                <![CDATA[1990.0]]>
              </value>
            </param>
            <param index="8">
              <value>
                <![CDATA[Male]]>
              </value>
            </param>
            <param index="9">
              <value>
                <![CDATA[FALSE]]>
              </value>
            </param>
          </params>
          <reporter-output>
          </reporter-output>
        </test-method> <!-- verifyRegister -->
        <test-method is-config="true" signature="tearDown(org.testng.ITestResult)[pri:0, instance:SeleniumPOM.Assign.PageObjectModel.FacebookTest@815b41f]" started-at="2023-08-23T15:49:43 IST" name="tearDown" finished-at="2023-08-23T15:49:43 IST" duration-ms="1" status="PASS">
          <params>
            <param index="0">
              <value>
                <![CDATA[[TestResult name=verifyRegister status=SUCCESS method=FacebookTest.verifyRegister(java.lang.String,java.lang.String,java.lang.String,java.lang.String,java.lang.String,java.lang.String,java.lang.String,java.lang.String,java.lang.String,java.lang.String)[pri:2, instance:SeleniumPOM.Assign.PageObjectModel.FacebookTest@815b41f] output={null}]]]>
              </value>
            </param>
          </params>
          <reporter-output>
          </reporter-output>
        </test-method> <!-- tearDown -->
        <test-method is-config="true" signature="beforeMethod()[pri:0, instance:SeleniumPOM.Assign.PageObjectModel.FacebookTest@815b41f]" started-at="2023-08-23T15:49:43 IST" name="beforeMethod" finished-at="2023-08-23T15:49:43 IST" duration-ms="7" status="PASS">
          <reporter-output>
          </reporter-output>
        </test-method> <!-- beforeMethod -->
        <test-method signature="verifyRegister(java.lang.String,java.lang.String,java.lang.String,java.lang.String,java.lang.String,java.lang.String,java.lang.String,java.lang.String,java.lang.String,java.lang.String)[pri:2, instance:SeleniumPOM.Assign.PageObjectModel.FacebookTest@815b41f]" started-at="2023-08-23T15:49:43 IST" name="verifyRegister" data-provider="dp" finished-at="2023-08-23T15:49:57 IST" duration-ms="13419" status="PASS">
          <params>
            <param index="0">
              <value>
                <![CDATA[Saurav]]>
              </value>
            </param>
            <param index="1">
              <value>
                <![CDATA[Gautam]]>
              </value>
            </param>
            <param index="2">
              <value>
                <![CDATA[gautam.saurav@gmail.com]]>
              </value>
            </param>
            <param index="3">
              <value>
                <![CDATA[gautam.saurav@gmail.com]]>
              </value>
            </param>
            <param index="4">
              <value>
                <![CDATA[Saurav@124]]>
              </value>
            </param>
            <param index="5">
              <value>
                <![CDATA[2.0]]>
              </value>
            </param>
            <param index="6">
              <value>
                <![CDATA[2.0]]>
              </value>
            </param>
            <param index="7">
              <value>
                <![CDATA[1995.0]]>
              </value>
            </param>
            <param index="8">
              <value>
                <![CDATA[Female]]>
              </value>
            </param>
            <param index="9">
              <value>
                <![CDATA[TRUE]]>
              </value>
            </param>
          </params>
          <reporter-output>
          </reporter-output>
        </test-method> <!-- verifyRegister -->
        <test-method is-config="true" signature="tearDown(org.testng.ITestResult)[pri:0, instance:SeleniumPOM.Assign.PageObjectModel.FacebookTest@815b41f]" started-at="2023-08-23T15:49:57 IST" name="tearDown" finished-at="2023-08-23T15:49:57 IST" duration-ms="1" status="PASS">
          <params>
            <param index="0">
              <value>
                <![CDATA[[TestResult name=verifyRegister status=SUCCESS method=FacebookTest.verifyRegister(java.lang.String,java.lang.String,java.lang.String,java.lang.String,java.lang.String,java.lang.String,java.lang.String,java.lang.String,java.lang.String,java.lang.String)[pri:2, instance:SeleniumPOM.Assign.PageObjectModel.FacebookTest@815b41f] output={null}]]]>
              </value>
            </param>
          </params>
          <reporter-output>
          </reporter-output>
        </test-method> <!-- tearDown -->
        <test-method is-config="true" signature="beforeMethod()[pri:0, instance:SeleniumPOM.Assign.PageObjectModel.FacebookTest@815b41f]" started-at="2023-08-23T15:49:57 IST" name="beforeMethod" finished-at="2023-08-23T15:49:57 IST" duration-ms="7" status="PASS">
          <reporter-output>
          </reporter-output>
        </test-method> <!-- beforeMethod -->
        <test-method signature="verifyRegister(java.lang.String,java.lang.String,java.lang.String,java.lang.String,java.lang.String,java.lang.String,java.lang.String,java.lang.String,java.lang.String,java.lang.String)[pri:2, instance:SeleniumPOM.Assign.PageObjectModel.FacebookTest@815b41f]" started-at="2023-08-23T15:49:57 IST" name="verifyRegister" data-provider="dp" finished-at="2023-08-23T15:50:10 IST" duration-ms="13443" status="PASS">
          <params>
            <param index="0">
              <value>
                <![CDATA[Saurav]]>
              </value>
            </param>
            <param index="1">
              <value>
                <![CDATA[Gautam]]>
              </value>
            </param>
            <param index="2">
              <value>
                <![CDATA[gautam.saurav@gmail.com]]>
              </value>
            </param>
            <param index="3">
              <value>
                <![CDATA[gautam.saurav@gmail.com]]>
              </value>
            </param>
            <param index="4">
              <value>
                <![CDATA[Saurav@125]]>
              </value>
            </param>
            <param index="5">
              <value>
                <![CDATA[3.0]]>
              </value>
            </param>
            <param index="6">
              <value>
                <![CDATA[3.0]]>
              </value>
            </param>
            <param index="7">
              <value>
                <![CDATA[2000.0]]>
              </value>
            </param>
            <param index="8">
              <value>
                <![CDATA[Female]]>
              </value>
            </param>
            <param index="9">
              <value>
                <![CDATA[TRUE]]>
              </value>
            </param>
          </params>
          <reporter-output>
          </reporter-output>
        </test-method> <!-- verifyRegister -->
        <test-method is-config="true" signature="tearDown(org.testng.ITestResult)[pri:0, instance:SeleniumPOM.Assign.PageObjectModel.FacebookTest@815b41f]" started-at="2023-08-23T15:50:10 IST" name="tearDown" finished-at="2023-08-23T15:50:10 IST" duration-ms="1" status="PASS">
          <params>
            <param index="0">
              <value>
                <![CDATA[[TestResult name=verifyRegister status=SUCCESS method=FacebookTest.verifyRegister(java.lang.String,java.lang.String,java.lang.String,java.lang.String,java.lang.String,java.lang.String,java.lang.String,java.lang.String,java.lang.String,java.lang.String)[pri:2, instance:SeleniumPOM.Assign.PageObjectModel.FacebookTest@815b41f] output={null}]]]>
              </value>
            </param>
          </params>
          <reporter-output>
          </reporter-output>
        </test-method> <!-- tearDown -->
        <test-method is-config="true" signature="beforeMethod()[pri:0, instance:SeleniumPOM.Assign.PageObjectModel.FacebookTest@815b41f]" started-at="2023-08-23T15:50:10 IST" name="beforeMethod" finished-at="2023-08-23T15:50:10 IST" duration-ms="7" status="PASS">
          <reporter-output>
          </reporter-output>
        </test-method> <!-- beforeMethod -->
        <test-method signature="verifyRegister(java.lang.String,java.lang.String,java.lang.String,java.lang.String,java.lang.String,java.lang.String,java.lang.String,java.lang.String,java.lang.String,java.lang.String)[pri:2, instance:SeleniumPOM.Assign.PageObjectModel.FacebookTest@815b41f]" started-at="2023-08-23T15:50:10 IST" name="verifyRegister" data-provider="dp" finished-at="2023-08-23T15:50:24 IST" duration-ms="13649" status="PASS">
          <params>
            <param index="0">
              <value>
                <![CDATA[Saurav]]>
              </value>
            </param>
            <param index="1">
              <value>
                <![CDATA[Gautam]]>
              </value>
            </param>
            <param index="2">
              <value>
                <![CDATA[gautam.saurav@gmail.com]]>
              </value>
            </param>
            <param index="3">
              <value>
                <![CDATA[gautam.saurav@gmail.com]]>
              </value>
            </param>
            <param index="4">
              <value>
                <![CDATA[Saurav@126]]>
              </value>
            </param>
            <param index="5">
              <value>
                <![CDATA[3.0]]>
              </value>
            </param>
            <param index="6">
              <value>
                <![CDATA[4.0]]>
              </value>
            </param>
            <param index="7">
              <value>
                <![CDATA[2005.0]]>
              </value>
            </param>
            <param index="8">
              <value>
                <![CDATA[Female]]>
              </value>
            </param>
            <param index="9">
              <value>
                <![CDATA[TRUE]]>
              </value>
            </param>
          </params>
          <reporter-output>
          </reporter-output>
        </test-method> <!-- verifyRegister -->
        <test-method is-config="true" signature="tearDown(org.testng.ITestResult)[pri:0, instance:SeleniumPOM.Assign.PageObjectModel.FacebookTest@815b41f]" started-at="2023-08-23T15:50:24 IST" name="tearDown" finished-at="2023-08-23T15:50:24 IST" duration-ms="1" status="PASS">
          <params>
            <param index="0">
              <value>
                <![CDATA[[TestResult name=verifyRegister status=SUCCESS method=FacebookTest.verifyRegister(java.lang.String,java.lang.String,java.lang.String,java.lang.String,java.lang.String,java.lang.String,java.lang.String,java.lang.String,java.lang.String,java.lang.String)[pri:2, instance:SeleniumPOM.Assign.PageObjectModel.FacebookTest@815b41f] output={null}]]]>
              </value>
            </param>
          </params>
          <reporter-output>
          </reporter-output>
        </test-method> <!-- tearDown -->
        <test-method is-config="true" signature="beforeMethod()[pri:0, instance:SeleniumPOM.Assign.PageObjectModel.FacebookTest@815b41f]" started-at="2023-08-23T15:50:24 IST" name="beforeMethod" finished-at="2023-08-23T15:50:24 IST" duration-ms="7" status="PASS">
          <reporter-output>
          </reporter-output>
        </test-method> <!-- beforeMethod -->
        <test-method signature="verifyRegister(java.lang.String,java.lang.String,java.lang.String,java.lang.String,java.lang.String,java.lang.String,java.lang.String,java.lang.String,java.lang.String,java.lang.String)[pri:2, instance:SeleniumPOM.Assign.PageObjectModel.FacebookTest@815b41f]" started-at="2023-08-23T15:50:24 IST" name="verifyRegister" data-provider="dp" finished-at="2023-08-23T15:50:37 IST" duration-ms="13438" status="PASS">
          <params>
            <param index="0">
              <value>
                <![CDATA[Saurav]]>
              </value>
            </param>
            <param index="1">
              <value>
                <![CDATA[Gautam]]>
              </value>
            </param>
            <param index="2">
              <value>
                <![CDATA[gautam.saurav@gmail.com]]>
              </value>
            </param>
            <param index="3">
              <value>
                <![CDATA[gautam.saurav@gmail.com]]>
              </value>
            </param>
            <param index="4">
              <value>
                <![CDATA[Saurav@127]]>
              </value>
            </param>
            <param index="5">
              <value>
                <![CDATA[4.0]]>
              </value>
            </param>
            <param index="6">
              <value>
                <![CDATA[5.0]]>
              </value>
            </param>
            <param index="7">
              <value>
                <![CDATA[2005.0]]>
              </value>
            </param>
            <param index="8">
              <value>
                <![CDATA[Female]]>
              </value>
            </param>
            <param index="9">
              <value>
                <![CDATA[TRUE]]>
              </value>
            </param>
          </params>
          <reporter-output>
          </reporter-output>
        </test-method> <!-- verifyRegister -->
        <test-method is-config="true" signature="tearDown(org.testng.ITestResult)[pri:0, instance:SeleniumPOM.Assign.PageObjectModel.FacebookTest@815b41f]" started-at="2023-08-23T15:50:37 IST" name="tearDown" finished-at="2023-08-23T15:50:37 IST" duration-ms="0" status="PASS">
          <params>
            <param index="0">
              <value>
                <![CDATA[[TestResult name=verifyRegister status=SUCCESS method=FacebookTest.verifyRegister(java.lang.String,java.lang.String,java.lang.String,java.lang.String,java.lang.String,java.lang.String,java.lang.String,java.lang.String,java.lang.String,java.lang.String)[pri:2, instance:SeleniumPOM.Assign.PageObjectModel.FacebookTest@815b41f] output={null}]]]>
              </value>
            </param>
          </params>
          <reporter-output>
          </reporter-output>
        </test-method> <!-- tearDown -->
        <test-method is-config="true" signature="beforeMethod()[pri:0, instance:SeleniumPOM.Assign.PageObjectModel.FacebookTest@815b41f]" started-at="2023-08-23T15:50:37 IST" name="beforeMethod" finished-at="2023-08-23T15:50:37 IST" duration-ms="5" status="PASS">
          <reporter-output>
          </reporter-output>
        </test-method> <!-- beforeMethod -->
        <test-method signature="verifyRegister(java.lang.String,java.lang.String,java.lang.String,java.lang.String,java.lang.String,java.lang.String,java.lang.String,java.lang.String,java.lang.String,java.lang.String)[pri:2, instance:SeleniumPOM.Assign.PageObjectModel.FacebookTest@815b41f]" started-at="2023-08-23T15:50:37 IST" name="verifyRegister" data-provider="dp" finished-at="2023-08-23T15:50:51 IST" duration-ms="13428" status="PASS">
          <params>
            <param index="0">
              <value>
                <![CDATA[Saurav]]>
              </value>
            </param>
            <param index="1">
              <value>
                <![CDATA[Gautam]]>
              </value>
            </param>
            <param index="2">
              <value>
                <![CDATA[gautam.saurav@gmail.com]]>
              </value>
            </param>
            <param index="3">
              <value>
                <![CDATA[gautam.saurav@gmail.com]]>
              </value>
            </param>
            <param index="4">
              <value>
                <![CDATA[Saurav@128]]>
              </value>
            </param>
            <param index="5">
              <value>
                <![CDATA[5.0]]>
              </value>
            </param>
            <param index="6">
              <value>
                <![CDATA[6.0]]>
              </value>
            </param>
            <param index="7">
              <value>
                <![CDATA[2005.0]]>
              </value>
            </param>
            <param index="8">
              <value>
                <![CDATA[Female]]>
              </value>
            </param>
            <param index="9">
              <value>
                <![CDATA[TRUE]]>
              </value>
            </param>
          </params>
          <reporter-output>
          </reporter-output>
        </test-method> <!-- verifyRegister -->
        <test-method is-config="true" signature="tearDown(org.testng.ITestResult)[pri:0, instance:SeleniumPOM.Assign.PageObjectModel.FacebookTest@815b41f]" started-at="2023-08-23T15:50:51 IST" name="tearDown" finished-at="2023-08-23T15:50:51 IST" duration-ms="0" status="PASS">
          <params>
            <param index="0">
              <value>
                <![CDATA[[TestResult name=verifyRegister status=SUCCESS method=FacebookTest.verifyRegister(java.lang.String,java.lang.String,java.lang.String,java.lang.String,java.lang.String,java.lang.String,java.lang.String,java.lang.String,java.lang.String,java.lang.String)[pri:2, instance:SeleniumPOM.Assign.PageObjectModel.FacebookTest@815b41f] output={null}]]]>
              </value>
            </param>
          </params>
          <reporter-output>
          </reporter-output>
        </test-method> <!-- tearDown -->
        <test-method is-config="true" signature="beforeMethod()[pri:0, instance:SeleniumPOM.Assign.PageObjectModel.FacebookTest@815b41f]" started-at="2023-08-23T15:50:51 IST" name="beforeMethod" finished-at="2023-08-23T15:50:51 IST" duration-ms="4" status="PASS">
          <reporter-output>
          </reporter-output>
        </test-method> <!-- beforeMethod -->
        <test-method signature="verifyRegister(java.lang.String,java.lang.String,java.lang.String,java.lang.String,java.lang.String,java.lang.String,java.lang.String,java.lang.String,java.lang.String,java.lang.String)[pri:2, instance:SeleniumPOM.Assign.PageObjectModel.FacebookTest@815b41f]" started-at="2023-08-23T15:50:51 IST" name="verifyRegister" data-provider="dp" finished-at="2023-08-23T15:51:04 IST" duration-ms="13378" status="PASS">
          <params>
            <param index="0">
              <value>
                <![CDATA[Saurav]]>
              </value>
            </param>
            <param index="1">
              <value>
                <![CDATA[Gautam]]>
              </value>
            </param>
            <param index="2">
              <value>
                <![CDATA[gautam.saurav@gmail.com]]>
              </value>
            </param>
            <param index="3">
              <value>
                <![CDATA[gautam.saurav@gmail.com]]>
              </value>
            </param>
            <param index="4">
              <value>
                <![CDATA[Saurav@129]]>
              </value>
            </param>
            <param index="5">
              <value>
                <![CDATA[29.0]]>
              </value>
            </param>
            <param index="6">
              <value>
                <![CDATA[9.0]]>
              </value>
            </param>
            <param index="7">
              <value>
                <![CDATA[1918.0]]>
              </value>
            </param>
            <param index="8">
              <value>
                <![CDATA[Female]]>
              </value>
            </param>
            <param index="9">
              <value>
                <![CDATA[TRUE]]>
              </value>
            </param>
          </params>
          <reporter-output>
          </reporter-output>
        </test-method> <!-- verifyRegister -->
        <test-method is-config="true" signature="tearDown(org.testng.ITestResult)[pri:0, instance:SeleniumPOM.Assign.PageObjectModel.FacebookTest@815b41f]" started-at="2023-08-23T15:51:04 IST" name="tearDown" finished-at="2023-08-23T15:51:04 IST" duration-ms="1" status="PASS">
          <params>
            <param index="0">
              <value>
                <![CDATA[[TestResult name=verifyRegister status=SUCCESS method=FacebookTest.verifyRegister(java.lang.String,java.lang.String,java.lang.String,java.lang.String,java.lang.String,java.lang.String,java.lang.String,java.lang.String,java.lang.String,java.lang.String)[pri:2, instance:SeleniumPOM.Assign.PageObjectModel.FacebookTest@815b41f] output={null}]]]>
              </value>
            </param>
          </params>
          <reporter-output>
          </reporter-output>
        </test-method> <!-- tearDown -->
        <test-method is-config="true" signature="beforeMethod()[pri:0, instance:SeleniumPOM.Assign.PageObjectModel.FacebookTest@815b41f]" started-at="2023-08-23T15:51:04 IST" name="beforeMethod" finished-at="2023-08-23T15:51:04 IST" duration-ms="5" status="PASS">
          <reporter-output>
          </reporter-output>
        </test-method> <!-- beforeMethod -->
        <test-method signature="verifyRegister(java.lang.String,java.lang.String,java.lang.String,java.lang.String,java.lang.String,java.lang.String,java.lang.String,java.lang.String,java.lang.String,java.lang.String)[pri:2, instance:SeleniumPOM.Assign.PageObjectModel.FacebookTest@815b41f]" started-at="2023-08-23T15:51:04 IST" name="verifyRegister" data-provider="dp" finished-at="2023-08-23T15:51:18 IST" duration-ms="13439" status="PASS">
          <params>
            <param index="0">
              <value>
                <![CDATA[Saurav]]>
              </value>
            </param>
            <param index="1">
              <value>
                <![CDATA[Gautam]]>
              </value>
            </param>
            <param index="2">
              <value>
                <![CDATA[gautam.saurav@gmail.com]]>
              </value>
            </param>
            <param index="3">
              <value>
                <![CDATA[gautam.saurav@gmail.com]]>
              </value>
            </param>
            <param index="4">
              <value>
                <![CDATA[Saurav@130]]>
              </value>
            </param>
            <param index="5">
              <value>
                <![CDATA[30.0]]>
              </value>
            </param>
            <param index="6">
              <value>
                <![CDATA[11.0]]>
              </value>
            </param>
            <param index="7">
              <value>
                <![CDATA[1905.0]]>
              </value>
            </param>
            <param index="8">
              <value>
                <![CDATA[Custom]]>
              </value>
            </param>
            <param index="9">
              <value>
                <![CDATA[TRUE]]>
              </value>
            </param>
          </params>
          <reporter-output>
          </reporter-output>
        </test-method> <!-- verifyRegister -->
        <test-method is-config="true" signature="tearDown(org.testng.ITestResult)[pri:0, instance:SeleniumPOM.Assign.PageObjectModel.FacebookTest@815b41f]" started-at="2023-08-23T15:51:18 IST" name="tearDown" finished-at="2023-08-23T15:51:18 IST" duration-ms="1" status="PASS">
          <params>
            <param index="0">
              <value>
                <![CDATA[[TestResult name=verifyRegister status=SUCCESS method=FacebookTest.verifyRegister(java.lang.String,java.lang.String,java.lang.String,java.lang.String,java.lang.String,java.lang.String,java.lang.String,java.lang.String,java.lang.String,java.lang.String)[pri:2, instance:SeleniumPOM.Assign.PageObjectModel.FacebookTest@815b41f] output={null}]]]>
              </value>
            </param>
          </params>
          <reporter-output>
          </reporter-output>
        </test-method> <!-- tearDown -->
        <test-method is-config="true" signature="beforeMethod()[pri:0, instance:SeleniumPOM.Assign.PageObjectModel.FacebookTest@815b41f]" started-at="2023-08-23T15:51:18 IST" name="beforeMethod" finished-at="2023-08-23T15:51:18 IST" duration-ms="6" status="PASS">
          <reporter-output>
          </reporter-output>
        </test-method> <!-- beforeMethod -->
        <test-method signature="verifyRegister(java.lang.String,java.lang.String,java.lang.String,java.lang.String,java.lang.String,java.lang.String,java.lang.String,java.lang.String,java.lang.String,java.lang.String)[pri:2, instance:SeleniumPOM.Assign.PageObjectModel.FacebookTest@815b41f]" started-at="2023-08-23T15:51:18 IST" name="verifyRegister" data-provider="dp" finished-at="2023-08-23T15:51:31 IST" duration-ms="13361" status="PASS">
          <params>
            <param index="0">
              <value>
                <![CDATA[Saurav9]]>
              </value>
            </param>
            <param index="1">
              <value>
                <![CDATA[Gautam]]>
              </value>
            </param>
            <param index="2">
              <value>
                <![CDATA[gautam.saurav@gmail.com]]>
              </value>
            </param>
            <param index="3">
              <value>
                <![CDATA[gautam.saurav@gmail.com]]>
              </value>
            </param>
            <param index="4">
              <value>
                <![CDATA[Saurav@131]]>
              </value>
            </param>
            <param index="5">
              <value>
                <![CDATA[31.0]]>
              </value>
            </param>
            <param index="6">
              <value>
                <![CDATA[12.0]]>
              </value>
            </param>
            <param index="7">
              <value>
                <![CDATA[1998.0]]>
              </value>
            </param>
            <param index="8">
              <value>
                <![CDATA[Male]]>
              </value>
            </param>
            <param index="9">
              <value>
                <![CDATA[FALSE]]>
              </value>
            </param>
          </params>
          <reporter-output>
          </reporter-output>
        </test-method> <!-- verifyRegister -->
        <test-method is-config="true" signature="tearDown(org.testng.ITestResult)[pri:0, instance:SeleniumPOM.Assign.PageObjectModel.FacebookTest@815b41f]" started-at="2023-08-23T15:51:31 IST" name="tearDown" finished-at="2023-08-23T15:51:31 IST" duration-ms="1" status="PASS">
          <params>
            <param index="0">
              <value>
                <![CDATA[[TestResult name=verifyRegister status=SUCCESS method=FacebookTest.verifyRegister(java.lang.String,java.lang.String,java.lang.String,java.lang.String,java.lang.String,java.lang.String,java.lang.String,java.lang.String,java.lang.String,java.lang.String)[pri:2, instance:SeleniumPOM.Assign.PageObjectModel.FacebookTest@815b41f] output={null}]]]>
              </value>
            </param>
          </params>
          <reporter-output>
          </reporter-output>
        </test-method> <!-- tearDown -->
        <test-method is-config="true" signature="afterTest()[pri:0, instance:SeleniumPOM.Assign.PageObjectModel.FacebookTest@815b41f]" started-at="2023-08-23T15:51:31 IST" name="afterTest" finished-at="2023-08-23T15:51:32 IST" duration-ms="601" status="PASS">
          <reporter-output>
          </reporter-output>
        </test-method> <!-- afterTest -->
        <test-method is-config="true" signature="afterSuite()[pri:0, instance:SeleniumPOM.Assign.PageObjectModel.FacebookTest@815b41f]" started-at="2023-08-23T15:51:32 IST" name="afterSuite" finished-at="2023-08-23T15:51:32 IST" duration-ms="463" status="PASS">
          <reporter-output>
          </reporter-output>
        </test-method> <!-- afterSuite -->
      </class> <!-- SeleniumPOM.Assign.PageObjectModel.FacebookTest -->
    </test> <!-- Default test -->
  </suite> <!-- Default suite -->
</testng-results>
