<?xml version="1.0" encoding="UTF-8"?>
<testsuite xmlns:xsi="http://www.w3.org/2001/XMLSchema-instance" xsi:noNamespaceSchemaLocation="https://maven.apache.org/surefire/maven-surefire-plugin/xsd/surefire-test-report-3.0.xsd" version="3.0" name="TestSuite" time="9.951" tests="12" errors="0" skipped="0" failures="0">
  <properties>
[...]
</properties>
  <testcase name="postUser" classname="com.testing.RestAssured.PostUserBDD" time="2.89">
    <system-err><![CDATA[SLF4J: Failed to load class "org.slf4j.impl.StaticLoggerBinder".
SLF4J: Defaulting to no-operation (NOP) logger implementation
SLF4J: See http://www.slf4j.org/codes.html#StaticLoggerBinder for further details.
]]></system-err>
  </testcase>
  <testcase name="getListBDD" classname="com.testing.RestAssured.GetList_BDD" time="1.51">
    <system-out><![CDATA[{"page":1,"per_page":6,"total":12,"total_pages":2,"data":[{"id":1,"email":"george.bluth@reqres.in","first_name":"George","last_name":"Bluth","avatar":"https://reqres.in/img/faces/1-image.jpg"},{"id":2,"email":"janet.weaver@reqres.in","first_name":"Janet","last_name":"Weaver","avatar":"https://reqres.in/img/faces/2-image.jpg"},{"id":3,"email":"emma.wong@reqres.in","first_name":"Emma","last_name":"Wong","avatar":"https://reqres.in/img/faces/3-image.jpg"},{"id":4,"email":"eve.holt@reqres.in","first_name":"Eve","last_name":"Holt","avatar":"https://reqres.in/img/faces/4-image.jpg"},{"id":5,"email":"charles.morris@reqres.in","first_name":"Charles","last_name":"Morris","avatar":"https://reqres.in/img/faces/5-image.jpg"},{"id":6,"email":"tracey.ramos@reqres.in","first_name":"Tracey","last_name":"Ramos","avatar":"https://reqres.in/img/faces/6-image.jpg"}],"support":{"url":"https://reqres.in/#support-heading","text":"To keep ReqRes free, contributions towards server costs are appreciated!"}}
200
]]></system-out>
  </testcase>
  <testcase name="delUserTest" classname="com.testing.RestAssured.AllTest" time="0.584">
    <system-out><![CDATA[HTTP/1.1 204 No Content
Date: Fri, 11 Aug 2023 09:51:07 GMT
Content-Length: 0
Connection: keep-alive
X-Powered-By: Express
Access-Control-Allow-Origin: *
Etag: W/"2-vyGp6PvFo4RvsFtPoIWeCReyIC8"
Via: 1.1 vegur
CF-Cache-Status: DYNAMIC
Report-To: {"endpoints":[{"url":"https:\/\/a.nel.cloudflare.com\/report\/v3?s=MT9FsB8LAOrTHYf5IcXcRM9qjUVbvVBaTWposo%2FMQXRvUqXwARE87zogpWZGBQ0ebsW85YuOLUkJpEQea4W0NCzJ09tKKzOsELYhDU9ndIE324WrvWK3idyhxg%3D%3D"}],"group":"cf-nel","max_age":604800}
NEL: {"success_fraction":0,"report_to":"cf-nel","max_age":604800}
Server: cloudflare
CF-RAY: 7f4f9408fb33793b-AMD
]]></system-out>
  </testcase>
  <testcase name="fTest" classname="com.testing.RestAssured.AllTest" time="0.628">
    <system-out><![CDATA[HTTP/1.1 200 OK
Date: Fri, 11 Aug 2023 09:51:08 GMT
Content-Type: application/json; charset=utf-8
Transfer-Encoding: chunked
Connection: keep-alive
X-Powered-By: Express
Access-Control-Allow-Origin: *
Etag: W/"49-mhCFnIC4HVp3VzZ81OXAkEcf8Q4"
Via: 1.1 vegur
CF-Cache-Status: DYNAMIC
Report-To: {"endpoints":[{"url":"https:\/\/a.nel.cloudflare.com\/report\/v3?s=Y%2Fu4fX%2BQRMMPRRrQ%2FTF12MfPKcrHaZnu1%2FHdcMLhUZa0nivVQtR42ywIps%2FzLA3lPg4owfcpM83Kf8tkP%2FvUPtZO6OzDrn6JXMD02G04EX8%2BeJUnlSoI5IFAkQ%3D%3D"}],"group":"cf-nel","max_age":604800}
NEL: {"success_fraction":0,"report_to":"cf-nel","max_age":604800}
Vary: Accept-Encoding
Server: cloudflare
CF-RAY: 7f4f940c9bcfa3b2-AMD
Content-Encoding: gzip

{
    "name": "hello",
    "job": "developer",
    "updatedAt": "2023-08-11T09:51:08.481Z"
}
]]></system-out>
  </testcase>
  <testcase name="getListBDDTest" classname="com.testing.RestAssured.AllTest" time="0.54">
    <system-out><![CDATA[{"page":1,"per_page":6,"total":12,"total_pages":2,"data":[{"id":1,"email":"george.bluth@reqres.in","first_name":"George","last_name":"Bluth","avatar":"https://reqres.in/img/faces/1-image.jpg"},{"id":2,"email":"janet.weaver@reqres.in","first_name":"Janet","last_name":"Weaver","avatar":"https://reqres.in/img/faces/2-image.jpg"},{"id":3,"email":"emma.wong@reqres.in","first_name":"Emma","last_name":"Wong","avatar":"https://reqres.in/img/faces/3-image.jpg"},{"id":4,"email":"eve.holt@reqres.in","first_name":"Eve","last_name":"Holt","avatar":"https://reqres.in/img/faces/4-image.jpg"},{"id":5,"email":"charles.morris@reqres.in","first_name":"Charles","last_name":"Morris","avatar":"https://reqres.in/img/faces/5-image.jpg"},{"id":6,"email":"tracey.ramos@reqres.in","first_name":"Tracey","last_name":"Ramos","avatar":"https://reqres.in/img/faces/6-image.jpg"}],"support":{"url":"https://reqres.in/#support-heading","text":"To keep ReqRes free, contributions towards server costs are appreciated!"}}
200
]]></system-out>
  </testcase>
  <testcase name="getListTest" classname="com.testing.RestAssured.AllTest" time="0.275">
    <system-out><![CDATA[status code: 200
Response Time: 232
Response Body: {"page":2,"per_page":6,"total":12,"total_pages":2,"data":[{"id":7,"email":"michael.lawson@reqres.in","first_name":"Michael","last_name":"Lawson","avatar":"https://reqres.in/img/faces/7-image.jpg"},{"id":8,"email":"lindsay.ferguson@reqres.in","first_name":"Lindsay","last_name":"Ferguson","avatar":"https://reqres.in/img/faces/8-image.jpg"},{"id":9,"email":"tobias.funke@reqres.in","first_name":"Tobias","last_name":"Funke","avatar":"https://reqres.in/img/faces/9-image.jpg"},{"id":10,"email":"byron.fields@reqres.in","first_name":"Byron","last_name":"Fields","avatar":"https://reqres.in/img/faces/10-image.jpg"},{"id":11,"email":"george.edwards@reqres.in","first_name":"George","last_name":"Edwards","avatar":"https://reqres.in/img/faces/11-image.jpg"},{"id":12,"email":"rachel.howell@reqres.in","first_name":"Rachel","last_name":"Howell","avatar":"https://reqres.in/img/faces/12-image.jpg"}],"support":{"url":"https://reqres.in/#support-heading","text":"To keep ReqRes free, contributions towards server costs are appreciated!"}}
Header: application/json; charset=utf-8
Status Line: HTTP/1.1 200 OK
{"page":2,"per_page":6,"total":12,"total_pages":2,"data":[{"id":7,"email":"michael.lawson@reqres.in","first_name":"Michael","last_name":"Lawson","avatar":"https://reqres.in/img/faces/7-image.jpg"},{"id":8,"email":"lindsay.ferguson@reqres.in","first_name":"Lindsay","last_name":"Ferguson","avatar":"https://reqres.in/img/faces/8-image.jpg"},{"id":9,"email":"tobias.funke@reqres.in","first_name":"Tobias","last_name":"Funke","avatar":"https://reqres.in/img/faces/9-image.jpg"},{"id":10,"email":"byron.fields@reqres.in","first_name":"Byron","last_name":"Fields","avatar":"https://reqres.in/img/faces/10-image.jpg"},{"id":11,"email":"george.edwards@reqres.in","first_name":"George","last_name":"Edwards","avatar":"https://reqres.in/img/faces/11-image.jpg"},{"id":12,"email":"rachel.howell@reqres.in","first_name":"Rachel","last_name":"Howell","avatar":"https://reqres.in/img/faces/12-image.jpg"}],"support":{"url":"https://reqres.in/#support-heading","text":"To keep ReqRes free, contributions towards server costs are appreciated!"}}
]]></system-out>
  </testcase>
  <testcase name="patchupdTest" classname="com.testing.RestAssured.AllTest" time="0.504">
    <system-out><![CDATA[HTTP/1.1 200 OK
Date: Fri, 11 Aug 2023 09:51:10 GMT
Content-Type: application/json; charset=utf-8
Transfer-Encoding: chunked
Connection: keep-alive
X-Powered-By: Express
Access-Control-Allow-Origin: *
Etag: W/"37-5ey06AiuqVJzb4+xtdfelIcYRXg"
Via: 1.1 vegur
CF-Cache-Status: DYNAMIC
Report-To: {"endpoints":[{"url":"https:\/\/a.nel.cloudflare.com\/report\/v3?s=0pCKB1oRDBF45w1yro8X7X4hSjW7I40Ces5uj4f79tz1eGwfy4HNwfNq%2Ff7K1xEe9Q280JwjIQ8EKlwfGOBWjLS%2FCLiSCVK9QxLD6cJcFfheVIXBfVkIpTf4eQ%3D%3D"}],"group":"cf-nel","max_age":604800}
NEL: {"success_fraction":0,"report_to":"cf-nel","max_age":604800}
Vary: Accept-Encoding
Server: cloudflare
CF-RAY: 7f4f9415b9117937-AMD
Content-Encoding: gzip

{
    "name": "hello",
    "updatedAt": "2023-08-11T09:51:09.955Z"
}
]]></system-out>
  </testcase>
  <testcase name="postUserTest" classname="com.testing.RestAssured.AllTest" time="0.529"/>
  <testcase name="getList" classname="com.testing.RestAssured.GetListUser" time="0.177">
    <system-out><![CDATA[status code: 200
Response Time: 166
Response Body: {"page":2,"per_page":6,"total":12,"total_pages":2,"data":[{"id":7,"email":"michael.lawson@reqres.in","first_name":"Michael","last_name":"Lawson","avatar":"https://reqres.in/img/faces/7-image.jpg"},{"id":8,"email":"lindsay.ferguson@reqres.in","first_name":"Lindsay","last_name":"Ferguson","avatar":"https://reqres.in/img/faces/8-image.jpg"},{"id":9,"email":"tobias.funke@reqres.in","first_name":"Tobias","last_name":"Funke","avatar":"https://reqres.in/img/faces/9-image.jpg"},{"id":10,"email":"byron.fields@reqres.in","first_name":"Byron","last_name":"Fields","avatar":"https://reqres.in/img/faces/10-image.jpg"},{"id":11,"email":"george.edwards@reqres.in","first_name":"George","last_name":"Edwards","avatar":"https://reqres.in/img/faces/11-image.jpg"},{"id":12,"email":"rachel.howell@reqres.in","first_name":"Rachel","last_name":"Howell","avatar":"https://reqres.in/img/faces/12-image.jpg"}],"support":{"url":"https://reqres.in/#support-heading","text":"To keep ReqRes free, contributions towards server costs are appreciated!"}}
Header: application/json; charset=utf-8
Status Line: HTTP/1.1 200 OK
{"page":2,"per_page":6,"total":12,"total_pages":2,"data":[{"id":7,"email":"michael.lawson@reqres.in","first_name":"Michael","last_name":"Lawson","avatar":"https://reqres.in/img/faces/7-image.jpg"},{"id":8,"email":"lindsay.ferguson@reqres.in","first_name":"Lindsay","last_name":"Ferguson","avatar":"https://reqres.in/img/faces/8-image.jpg"},{"id":9,"email":"tobias.funke@reqres.in","first_name":"Tobias","last_name":"Funke","avatar":"https://reqres.in/img/faces/9-image.jpg"},{"id":10,"email":"byron.fields@reqres.in","first_name":"Byron","last_name":"Fields","avatar":"https://reqres.in/img/faces/10-image.jpg"},{"id":11,"email":"george.edwards@reqres.in","first_name":"George","last_name":"Edwards","avatar":"https://reqres.in/img/faces/11-image.jpg"},{"id":12,"email":"rachel.howell@reqres.in","first_name":"Rachel","last_name":"Howell","avatar":"https://reqres.in/img/faces/12-image.jpg"}],"support":{"url":"https://reqres.in/#support-heading","text":"To keep ReqRes free, contributions towards server costs are appreciated!"}}
]]></system-out>
  </testcase>
  <testcase name="delUser" classname="com.testing.RestAssured.DeleteUser" time="0.439">
    <system-out><![CDATA[HTTP/1.1 204 No Content
Date: Fri, 11 Aug 2023 09:51:11 GMT
Content-Length: 0
Connection: keep-alive
X-Powered-By: Express
Access-Control-Allow-Origin: *
Etag: W/"2-vyGp6PvFo4RvsFtPoIWeCReyIC8"
Via: 1.1 vegur
CF-Cache-Status: DYNAMIC
Report-To: {"endpoints":[{"url":"https:\/\/a.nel.cloudflare.com\/report\/v3?s=fd1JKpD2Xx3sgJXhicaA%2Fwnm3%2F2XpGKs68kznnnyPCwnYacpPlQt9jKX44TJlKxji7QjOgNsLbUD4ZGREsB03Xp%2FUeXNaKrxdZx7BGFffqARNAksauq5soVARw%3D%3D"}],"group":"cf-nel","max_age":604800}
NEL: {"success_fraction":0,"report_to":"cf-nel","max_age":604800}
Server: cloudflare
CF-RAY: 7f4f941d48a67956-AMD
]]></system-out>
  </testcase>
  <testcase name="f" classname="com.testing.RestAssured.PutUser" time="0.584">
    <system-out><![CDATA[HTTP/1.1 200 OK
Date: Fri, 11 Aug 2023 09:51:11 GMT
Content-Type: application/json; charset=utf-8
Transfer-Encoding: chunked
Connection: keep-alive
X-Powered-By: Express
Access-Control-Allow-Origin: *
Etag: W/"49-F5oy2gYnCpLzLbg063cRTebkE08"
Via: 1.1 vegur
CF-Cache-Status: DYNAMIC
Report-To: {"endpoints":[{"url":"https:\/\/a.nel.cloudflare.com\/report\/v3?s=QMQXvlb8NEswvQ1mCR5upU70bMPtOddniAeSpl%2FpGwIx6sKWkdOGxG47FPTm86RK6u7HFYAs%2FzOZR6nSwfecbOrwmWZRn7XH05hMtvgtuS6BvyRS4JiCc3yysQ%3D%3D"}],"group":"cf-nel","max_age":604800}
NEL: {"success_fraction":0,"report_to":"cf-nel","max_age":604800}
Vary: Accept-Encoding
Server: cloudflare
CF-RAY: 7f4f942018297943-AMD
Content-Encoding: gzip

{
    "name": "hello",
    "job": "developer",
    "updatedAt": "2023-08-11T09:51:11.593Z"
}
]]></system-out>
  </testcase>
  <testcase name="patchupd" classname="com.testing.RestAssured.PatchUpdate" time="0.5">
    <system-out><![CDATA[HTTP/1.1 200 OK
Date: Fri, 11 Aug 2023 09:51:12 GMT
Content-Type: application/json; charset=utf-8
Transfer-Encoding: chunked
Connection: keep-alive
X-Powered-By: Express
Access-Control-Allow-Origin: *
Etag: W/"37-j59GU6JKFSp9yBwQGG0a5oe8qPU"
Via: 1.1 vegur
CF-Cache-Status: DYNAMIC
Report-To: {"endpoints":[{"url":"https:\/\/a.nel.cloudflare.com\/report\/v3?s=riUEGUFnv6pp3gnd5KJfvJyXzQzhsdXRBIiZUbXUUUoun2QjTCKzF5tgZRP2rP9cZwBdUuehmMo5cb4%2FXMPvvoaB5%2FggDcel7YJajjJ4M0dT2biiE4i8ab%2FX9g%3D%3D"}],"group":"cf-nel","max_age":604800}
NEL: {"success_fraction":0,"report_to":"cf-nel","max_age":604800}
Vary: Accept-Encoding
Server: cloudflare
CF-RAY: 7f4f9423ea6fa3b7-AMD
Content-Encoding: gzip

{
    "name": "hello",
    "updatedAt": "2023-08-11T09:51:12.199Z"
}
]]></system-out>
  </testcase>
</testsuite>