<?xml version="1.0" encoding="UTF-8"?>
<testsuite xmlns:xsi="http://www.w3.org/2001/XMLSchema-instance" xsi:noNamespaceSchemaLocation="https://maven.apache.org/surefire/maven-surefire-plugin/xsd/surefire-test-report-3.0.xsd" version="3.0" name="TestSuite" time="9.124" tests="12" errors="0" skipped="0" failures="0">
  <properties>
[...]
</properties>
  <testcase name="postUser" classname="com.testing.RestAssured.PostUserBDD" time="2.536">
    <system-err><![CDATA[SLF4J: Failed to load class "org.slf4j.impl.StaticLoggerBinder".
SLF4J: Defaulting to no-operation (NOP) logger implementation
SLF4J: See http://www.slf4j.org/codes.html#StaticLoggerBinder for further details.
]]></system-err>
  </testcase>
  <testcase name="getListBDD" classname="com.testing.RestAssured.GetList_BDD" time="1.471">
    <system-out><![CDATA[{"page":1,"per_page":6,"total":12,"total_pages":2,"data":[{"id":1,"email":"george.bluth@reqres.in","first_name":"George","last_name":"Bluth","avatar":"https://reqres.in/img/faces/1-image.jpg"},{"id":2,"email":"janet.weaver@reqres.in","first_name":"Janet","last_name":"Weaver","avatar":"https://reqres.in/img/faces/2-image.jpg"},{"id":3,"email":"emma.wong@reqres.in","first_name":"Emma","last_name":"Wong","avatar":"https://reqres.in/img/faces/3-image.jpg"},{"id":4,"email":"eve.holt@reqres.in","first_name":"Eve","last_name":"Holt","avatar":"https://reqres.in/img/faces/4-image.jpg"},{"id":5,"email":"charles.morris@reqres.in","first_name":"Charles","last_name":"Morris","avatar":"https://reqres.in/img/faces/5-image.jpg"},{"id":6,"email":"tracey.ramos@reqres.in","first_name":"Tracey","last_name":"Ramos","avatar":"https://reqres.in/img/faces/6-image.jpg"}],"support":{"url":"https://reqres.in/#support-heading","text":"To keep ReqRes free, contributions towards server costs are appreciated!"}}
200
]]></system-out>
  </testcase>
  <testcase name="delUserTest" classname="com.testing.RestAssured.AllTest" time="0.525">
    <system-out><![CDATA[HTTP/1.1 204 No Content
Date: Mon, 14 Aug 2023 04:58:20 GMT
Content-Length: 0
Connection: keep-alive
X-Powered-By: Express
Access-Control-Allow-Origin: *
Etag: W/"2-vyGp6PvFo4RvsFtPoIWeCReyIC8"
Via: 1.1 vegur
CF-Cache-Status: DYNAMIC
Report-To: {"endpoints":[{"url":"https:\/\/a.nel.cloudflare.com\/report\/v3?s=2bC%2BEUmp6qNxhOhWjr52na76vrp7F8FPTDfioMcqnw3x5PAaHhFiiAisChTbCwhLSWhG5TG93yeaVr9cOBF5QCuudNTanT8mBVwlFYPW5oiFb6XhBkBErC0RjA%3D%3D"}],"group":"cf-nel","max_age":604800}
NEL: {"success_fraction":0,"report_to":"cf-nel","max_age":604800}
Server: cloudflare
CF-RAY: 7f669f41aeb0a3b1-AMD
]]></system-out>
  </testcase>
  <testcase name="fTest" classname="com.testing.RestAssured.AllTest" time="0.483">
    <system-out><![CDATA[HTTP/1.1 200 OK
Date: Mon, 14 Aug 2023 04:58:20 GMT
Content-Type: application/json; charset=utf-8
Transfer-Encoding: chunked
Connection: keep-alive
X-Powered-By: Express
Access-Control-Allow-Origin: *
Etag: W/"49-ku+HtNMkamEUCEoJtDJZ0CMmy/Y"
Via: 1.1 vegur
CF-Cache-Status: DYNAMIC
Report-To: {"endpoints":[{"url":"https:\/\/a.nel.cloudflare.com\/report\/v3?s=za5fQoRq2lPWmmFhxEGwwwE2EhnQhsGXcbfyUo%2FnMu2YaHonua4D%2FA%2BxmPMcmEwC70Tzp%2F3sDg7DuuE3sATaB8NqdMnHjSwf69wQl4GUvrEK74lXuUo5YAwajg%3D%3D"}],"group":"cf-nel","max_age":604800}
NEL: {"success_fraction":0,"report_to":"cf-nel","max_age":604800}
Vary: Accept-Encoding
Server: cloudflare
CF-RAY: 7f669f44ca99a3b1-AMD
Content-Encoding: gzip

{
    "name": "hello",
    "job": "developer",
    "updatedAt": "2023-08-14T04:58:20.512Z"
}
]]></system-out>
  </testcase>
  <testcase name="getListBDDTest" classname="com.testing.RestAssured.AllTest" time="0.572">
    <system-out><![CDATA[{"page":1,"per_page":6,"total":12,"total_pages":2,"data":[{"id":1,"email":"george.bluth@reqres.in","first_name":"George","last_name":"Bluth","avatar":"https://reqres.in/img/faces/1-image.jpg"},{"id":2,"email":"janet.weaver@reqres.in","first_name":"Janet","last_name":"Weaver","avatar":"https://reqres.in/img/faces/2-image.jpg"},{"id":3,"email":"emma.wong@reqres.in","first_name":"Emma","last_name":"Wong","avatar":"https://reqres.in/img/faces/3-image.jpg"},{"id":4,"email":"eve.holt@reqres.in","first_name":"Eve","last_name":"Holt","avatar":"https://reqres.in/img/faces/4-image.jpg"},{"id":5,"email":"charles.morris@reqres.in","first_name":"Charles","last_name":"Morris","avatar":"https://reqres.in/img/faces/5-image.jpg"},{"id":6,"email":"tracey.ramos@reqres.in","first_name":"Tracey","last_name":"Ramos","avatar":"https://reqres.in/img/faces/6-image.jpg"}],"support":{"url":"https://reqres.in/#support-heading","text":"To keep ReqRes free, contributions towards server costs are appreciated!"}}
200
]]></system-out>
  </testcase>
  <testcase name="getListTest" classname="com.testing.RestAssured.AllTest" time="0.211">
    <system-out><![CDATA[status code: 200
Response Time: 184
Response Body: {"page":2,"per_page":6,"total":12,"total_pages":2,"data":[{"id":7,"email":"michael.lawson@reqres.in","first_name":"Michael","last_name":"Lawson","avatar":"https://reqres.in/img/faces/7-image.jpg"},{"id":8,"email":"lindsay.ferguson@reqres.in","first_name":"Lindsay","last_name":"Ferguson","avatar":"https://reqres.in/img/faces/8-image.jpg"},{"id":9,"email":"tobias.funke@reqres.in","first_name":"Tobias","last_name":"Funke","avatar":"https://reqres.in/img/faces/9-image.jpg"},{"id":10,"email":"byron.fields@reqres.in","first_name":"Byron","last_name":"Fields","avatar":"https://reqres.in/img/faces/10-image.jpg"},{"id":11,"email":"george.edwards@reqres.in","first_name":"George","last_name":"Edwards","avatar":"https://reqres.in/img/faces/11-image.jpg"},{"id":12,"email":"rachel.howell@reqres.in","first_name":"Rachel","last_name":"Howell","avatar":"https://reqres.in/img/faces/12-image.jpg"}],"support":{"url":"https://reqres.in/#support-heading","text":"To keep ReqRes free, contributions towards server costs are appreciated!"}}
Header: application/json; charset=utf-8
Status Line: HTTP/1.1 200 OK
{"page":2,"per_page":6,"total":12,"total_pages":2,"data":[{"id":7,"email":"michael.lawson@reqres.in","first_name":"Michael","last_name":"Lawson","avatar":"https://reqres.in/img/faces/7-image.jpg"},{"id":8,"email":"lindsay.ferguson@reqres.in","first_name":"Lindsay","last_name":"Ferguson","avatar":"https://reqres.in/img/faces/8-image.jpg"},{"id":9,"email":"tobias.funke@reqres.in","first_name":"Tobias","last_name":"Funke","avatar":"https://reqres.in/img/faces/9-image.jpg"},{"id":10,"email":"byron.fields@reqres.in","first_name":"Byron","last_name":"Fields","avatar":"https://reqres.in/img/faces/10-image.jpg"},{"id":11,"email":"george.edwards@reqres.in","first_name":"George","last_name":"Edwards","avatar":"https://reqres.in/img/faces/11-image.jpg"},{"id":12,"email":"rachel.howell@reqres.in","first_name":"Rachel","last_name":"Howell","avatar":"https://reqres.in/img/faces/12-image.jpg"}],"support":{"url":"https://reqres.in/#support-heading","text":"To keep ReqRes free, contributions towards server costs are appreciated!"}}
]]></system-out>
  </testcase>
  <testcase name="patchupdTest" classname="com.testing.RestAssured.AllTest" time="0.453">
    <system-out><![CDATA[HTTP/1.1 200 OK
Date: Mon, 14 Aug 2023 04:58:21 GMT
Content-Type: application/json; charset=utf-8
Transfer-Encoding: chunked
Connection: keep-alive
X-Powered-By: Express
Access-Control-Allow-Origin: *
Etag: W/"37-zBeqWk1whQ0uDjRmLAF3j6kL0nQ"
Via: 1.1 vegur
CF-Cache-Status: DYNAMIC
Report-To: {"endpoints":[{"url":"https:\/\/a.nel.cloudflare.com\/report\/v3?s=wLWHKHaLG9lg8u9ksPpDRFfxJXEDVozJDjiIhQDOvuGweYpAqC78UT75fpy9OxVwHhFSYUJl%2By5Ck8wfVTc4xxG%2BooE98j4wf%2BWyuVuM5bPBTgmLmtG4ILMi6w%3D%3D"}],"group":"cf-nel","max_age":604800}
NEL: {"success_fraction":0,"report_to":"cf-nel","max_age":604800}
Vary: Accept-Encoding
Server: cloudflare
CF-RAY: 7f669f4cad9c7938-AMD
Content-Encoding: gzip

{
    "name": "hello",
    "updatedAt": "2023-08-14T04:58:21.764Z"
}
]]></system-out>
  </testcase>
  <testcase name="postUserTest" classname="com.testing.RestAssured.AllTest" time="0.477"/>
  <testcase name="getList" classname="com.testing.RestAssured.GetListUser" time="0.206">
    <system-out><![CDATA[status code: 200
Response Time: 193
Response Body: {"page":2,"per_page":6,"total":12,"total_pages":2,"data":[{"id":7,"email":"michael.lawson@reqres.in","first_name":"Michael","last_name":"Lawson","avatar":"https://reqres.in/img/faces/7-image.jpg"},{"id":8,"email":"lindsay.ferguson@reqres.in","first_name":"Lindsay","last_name":"Ferguson","avatar":"https://reqres.in/img/faces/8-image.jpg"},{"id":9,"email":"tobias.funke@reqres.in","first_name":"Tobias","last_name":"Funke","avatar":"https://reqres.in/img/faces/9-image.jpg"},{"id":10,"email":"byron.fields@reqres.in","first_name":"Byron","last_name":"Fields","avatar":"https://reqres.in/img/faces/10-image.jpg"},{"id":11,"email":"george.edwards@reqres.in","first_name":"George","last_name":"Edwards","avatar":"https://reqres.in/img/faces/11-image.jpg"},{"id":12,"email":"rachel.howell@reqres.in","first_name":"Rachel","last_name":"Howell","avatar":"https://reqres.in/img/faces/12-image.jpg"}],"support":{"url":"https://reqres.in/#support-heading","text":"To keep ReqRes free, contributions towards server costs are appreciated!"}}
Header: application/json; charset=utf-8
Status Line: HTTP/1.1 200 OK
{"page":2,"per_page":6,"total":12,"total_pages":2,"data":[{"id":7,"email":"michael.lawson@reqres.in","first_name":"Michael","last_name":"Lawson","avatar":"https://reqres.in/img/faces/7-image.jpg"},{"id":8,"email":"lindsay.ferguson@reqres.in","first_name":"Lindsay","last_name":"Ferguson","avatar":"https://reqres.in/img/faces/8-image.jpg"},{"id":9,"email":"tobias.funke@reqres.in","first_name":"Tobias","last_name":"Funke","avatar":"https://reqres.in/img/faces/9-image.jpg"},{"id":10,"email":"byron.fields@reqres.in","first_name":"Byron","last_name":"Fields","avatar":"https://reqres.in/img/faces/10-image.jpg"},{"id":11,"email":"george.edwards@reqres.in","first_name":"George","last_name":"Edwards","avatar":"https://reqres.in/img/faces/11-image.jpg"},{"id":12,"email":"rachel.howell@reqres.in","first_name":"Rachel","last_name":"Howell","avatar":"https://reqres.in/img/faces/12-image.jpg"}],"support":{"url":"https://reqres.in/#support-heading","text":"To keep ReqRes free, contributions towards server costs are appreciated!"}}
]]></system-out>
  </testcase>
  <testcase name="delUser" classname="com.testing.RestAssured.DeleteUser" time="0.513">
    <system-out><![CDATA[HTTP/1.1 204 No Content
Date: Mon, 14 Aug 2023 04:58:23 GMT
Content-Length: 0
Connection: keep-alive
X-Powered-By: Express
Access-Control-Allow-Origin: *
Etag: W/"2-vyGp6PvFo4RvsFtPoIWeCReyIC8"
Via: 1.1 vegur
CF-Cache-Status: DYNAMIC
Report-To: {"endpoints":[{"url":"https:\/\/a.nel.cloudflare.com\/report\/v3?s=wL%2FEaaQ5Si6sEN38c5faPdj1gFsXfgPxrBuWPj8c0y488MIciTyTC0MuhQ1K3nI%2Bf3X%2B97b2xCnMQwjQDcwxrCVh9Ium5ZjgsnWi06vAYwR0QYB%2Bl%2FibY8X6fA%3D%3D"}],"group":"cf-nel","max_age":604800}
NEL: {"success_fraction":0,"report_to":"cf-nel","max_age":604800}
Server: cloudflare
CF-RAY: 7f669f53bbbe795d-AMD
]]></system-out>
  </testcase>
  <testcase name="f" classname="com.testing.RestAssured.PutUser" time="0.506">
    <system-out><![CDATA[HTTP/1.1 200 OK
Date: Mon, 14 Aug 2023 04:58:23 GMT
Content-Type: application/json; charset=utf-8
Transfer-Encoding: chunked
Connection: keep-alive
X-Powered-By: Express
Access-Control-Allow-Origin: *
Etag: W/"49-OpYgtMY2qmHDDt2VzM227fzA4zU"
Via: 1.1 vegur
CF-Cache-Status: DYNAMIC
Report-To: {"endpoints":[{"url":"https:\/\/a.nel.cloudflare.com\/report\/v3?s=HiR4O%2F7BBtPPrlBz6lcVMHAmOCWmKbtVO7mrPS%2BW6%2Bn%2F8YpRKLutfuhhccGTBqba2x2Sxv8unFW47C6cU4jUdBWA6OUGHaLOTl63SJqWxGxrReF24sMygaDJHQ%3D%3D"}],"group":"cf-nel","max_age":604800}
NEL: {"success_fraction":0,"report_to":"cf-nel","max_age":604800}
Vary: Accept-Encoding
Server: cloudflare
CF-RAY: 7f669f56ff017957-AMD
Content-Encoding: gzip

{
    "name": "hello",
    "job": "developer",
    "updatedAt": "2023-08-14T04:58:23.438Z"
}
]]></system-out>
  </testcase>
  <testcase name="patchupd" classname="com.testing.RestAssured.PatchUpdate" time="0.51">
    <system-out><![CDATA[HTTP/1.1 200 OK
Date: Mon, 14 Aug 2023 04:58:24 GMT
Content-Type: application/json; charset=utf-8
Transfer-Encoding: chunked
Connection: keep-alive
X-Powered-By: Express
Access-Control-Allow-Origin: *
Etag: W/"37-z+TolAKUJrt5qbUtoTRJ1k3EPCY"
Via: 1.1 vegur
CF-Cache-Status: DYNAMIC
Report-To: {"endpoints":[{"url":"https:\/\/a.nel.cloudflare.com\/report\/v3?s=xrYXdawc4ftA59SU3qncVHyJ3vBfoV79xp6oPQxcgNJY%2F0Fp7MiS6AMT1UZB%2F46SN9GQJg3v2%2Bqe3r%2F5sZ6Ljc9LLezloX7Wq9Ylw19a4eTFk%2FI3wCxX5gAukQ%3D%3D"}],"group":"cf-nel","max_age":604800}
NEL: {"success_fraction":0,"report_to":"cf-nel","max_age":604800}
Vary: Accept-Encoding
Server: cloudflare
CF-RAY: 7f669f5a2ce7793b-AMD
Content-Encoding: gzip

{
    "name": "hello",
    "updatedAt": "2023-08-14T04:58:23.950Z"
}
]]></system-out>
  </testcase>
</testsuite>