<?xml version="1.0" encoding="UTF-8"?>
<testng-results ignored="0" total="3" passed="3" failed="0" skipped="0">
  <reporter-output>
  </reporter-output>
  <suite started-at="2023-08-17T19:00:56 IST" name="Default suite" finished-at="2023-08-17T19:05:12 IST" duration-ms="256116">
    <groups>
    </groups>
    <test started-at="2023-08-17T19:00:56 IST" name="Default test" finished-at="2023-08-17T19:05:12 IST" duration-ms="256116">
      <class name="com.testing.asign2.Assign2">
        <test-method is-config="true" signature="first()[pri:0, instance:com.testing.asign2.Assign2@1bb5a082]" started-at="2023-08-17T19:00:56 IST" name="first" finished-at="2023-08-17T19:00:58 IST" duration-ms="2183" status="PASS">
          <reporter-output>
          </reporter-output>
        </test-method> <!-- first -->
        <test-method signature="empadd()[pri:0, instance:com.testing.asign2.Assign2@1bb5a082]" started-at="2023-08-17T19:00:58 IST" name="empadd" finished-at="2023-08-17T19:01:56 IST" duration-ms="58433" status="PASS">
          <reporter-output>
          </reporter-output>
        </test-method> <!-- empadd -->
        <test-method is-config="true" signature="first()[pri:0, instance:com.testing.asign2.Assign2@1bb5a082]" started-at="2023-08-17T19:01:56 IST" name="first" finished-at="2023-08-17T19:01:57 IST" duration-ms="1188" status="PASS">
          <reporter-output>
          </reporter-output>
        </test-method> <!-- first -->
        <test-method signature="f()[pri:1, instance:com.testing.asign2.Assign2@1bb5a082]" started-at="2023-08-17T19:01:57 IST" name="f" finished-at="2023-08-17T19:03:17 IST" duration-ms="79278" status="PASS">
          <reporter-output>
          </reporter-output>
        </test-method> <!-- f -->
        <test-method is-config="true" signature="first()[pri:0, instance:com.testing.asign2.Assign2@1bb5a082]" started-at="2023-08-17T19:03:17 IST" name="first" finished-at="2023-08-17T19:03:18 IST" duration-ms="1094" status="PASS">
          <reporter-output>
          </reporter-output>
        </test-method> <!-- first -->
        <test-method signature="logout()[pri:2, instance:com.testing.asign2.Assign2@1bb5a082]" started-at="2023-08-17T19:03:18 IST" name="logout" finished-at="2023-08-17T19:05:12 IST" duration-ms="113882" status="PASS">
          <reporter-output>
          </reporter-output>
        </test-method> <!-- logout -->
      </class> <!-- com.testing.asign2.Assign2 -->
    </test> <!-- Default test -->
  </suite> <!-- Default suite -->
</testng-results>
