<?xml version="1.0" encoding="UTF-8"?>
<!-- Generated by org.testng.reporters.JUnitXMLReporter -->
<testsuite ignored="0" hostname="DESKTOP-ROILG6T" failures="0" tests="12" name="TestAug" time="9.216" errors="0" timestamp="2023-08-11T15:21:12 IST">
  <testcase classname="com.testing.RestAssured.PostUserBDD" name="postUser" time="2.893"/>
  <testcase classname="com.testing.RestAssured.GetList_BDD" name="getListBDD" time="1.505"/>
  <testcase classname="com.testing.RestAssured.AllTest" name="delUserTest" time="0.568"/>
  <testcase classname="com.testing.RestAssured.AllTest" name="fTest" time="0.636"/>
  <testcase classname="com.testing.RestAssured.AllTest" name="getListBDDTest" time="0.549"/>
  <testcase classname="com.testing.RestAssured.AllTest" name="getListTest" time="0.248"/>
  <testcase classname="com.testing.RestAssured.AllTest" name="patchupdTest" time="0.519"/>
  <testcase classname="com.testing.RestAssured.AllTest" name="postUserTest" time="0.542"/>
  <testcase classname="com.testing.RestAssured.GetListUser" name="getList" time="0.177"/>
  <testcase classname="com.testing.RestAssured.DeleteUser" name="delUser" time="0.437"/>
  <testcase classname="com.testing.RestAssured.PutUser" name="f" time="0.583"/>
  <testcase classname="com.testing.RestAssured.PatchUpdate" name="patchupd" time="0.494"/>
</testsuite> <!-- TestAug -->
